INFO: [VRFC 10-2263] Analyzing Verilog file "C:/VivadoProjects/ee2026/FDP/FDP.srcs/sources_1/ip/blk_mem_gen_const/sim/blk_mem_gen_const.v" into library xil_defaultlib
INFO: [VRFC 10-311] analyzing module blk_mem_gen_const
INFO: [VRFC 10-2263] Analyzing Verilog file "C:/VivadoProjects/ee2026/FDP/FDP.srcs/sources_1/ip/blk_mem_gen_img/sim/blk_mem_gen_img.v" into library xil_defaultlib
INFO: [VRFC 10-311] analyzing module blk_mem_gen_img
INFO: [VRFC 10-2263] Analyzing Verilog file "C:/VivadoProjects/ee2026/FDP/FDP.srcs/sources_1/ip/blk_mem_gen_inter/sim/blk_mem_gen_inter.v" into library xil_defaultlib
INFO: [VRFC 10-311] analyzing module blk_mem_gen_inter
INFO: [VRFC 10-2263] Analyzing Verilog file "C:/VivadoProjects/ee2026/FDP/FDP.srcs/sources_1/ip/blk_mem_gen_0_1/sim/blk_mem_gen_0.v" into library xil_defaultlib
INFO: [VRFC 10-311] analyzing module blk_mem_gen_0
INFO: [VRFC 10-2263] Analyzing Verilog file "C:/VivadoProjects/ee2026/FDP/FDP.srcs/sources_1/imports/Desktop/Oled_Display.v" into library xil_defaultlib
INFO: [VRFC 10-311] analyzing module Oled_Display
WARNING: [VRFC 10-756] identifier state is used before its declaration [C:/VivadoProjects/ee2026/FDP/FDP.srcs/sources_1/imports/Desktop/Oled_Display.v:105]
WARNING: [VRFC 10-756] identifier state is used before its declaration [C:/VivadoProjects/ee2026/FDP/FDP.srcs/sources_1/imports/Desktop/Oled_Display.v:107]
WARNING: [VRFC 10-756] identifier state is used before its declaration [C:/VivadoProjects/ee2026/FDP/FDP.srcs/sources_1/imports/Desktop/Oled_Display.v:109]
WARNING: [VRFC 10-756] identifier state is used before its declaration [C:/VivadoProjects/ee2026/FDP/FDP.srcs/sources_1/imports/Desktop/Oled_Display.v:110]
WARNING: [VRFC 10-756] identifier state is used before its declaration [C:/VivadoProjects/ee2026/FDP/FDP.srcs/sources_1/imports/Desktop/Oled_Display.v:111]
INFO: [VRFC 10-2263] Analyzing Verilog file "C:/VivadoProjects/ee2026/FDP/FDP.srcs/sources_1/new/board_communication.v" into library xil_defaultlib
INFO: [VRFC 10-311] analyzing module package_game_data
INFO: [VRFC 10-311] analyzing module pairing_fsm
INFO: [VRFC 10-311] analyzing module pairing_oled
INFO: [VRFC 10-2263] Analyzing Verilog file "C:/VivadoProjects/ee2026/FDP/FDP.srcs/sources_1/new/seven_segment.v" into library xil_defaultlib
INFO: [VRFC 10-311] analyzing module seven_segment
INFO: [VRFC 10-2263] Analyzing Verilog file "C:/VivadoProjects/ee2026/FDP/FDP.srcs/sources_1/new/uart.v" into library xil_defaultlib
INFO: [VRFC 10-311] analyzing module uart_tx
INFO: [VRFC 10-311] analyzing module uart_rx
INFO: [VRFC 10-2263] Analyzing Verilog file "C:/VivadoProjects/ee2026/FDP/FDP.srcs/sources_1/new/variable_clock.v" into library xil_defaultlib
INFO: [VRFC 10-311] analyzing module variable_clock
INFO: [VRFC 10-2263] Analyzing Verilog file "C:/VivadoProjects/ee2026/FDP/FDP.srcs/sources_1/new/Top_Student.v" into library xil_defaultlib
INFO: [VRFC 10-311] analyzing module Top_Student
INFO: [VRFC 10-311] analyzing module top_with_astar
INFO: [VRFC 10-2263] Analyzing Verilog file "C:/VivadoProjects/ee2026/FDP/FDP.srcs/sources_1/new/bomb_controller.v" into library xil_defaultlib
INFO: [VRFC 10-311] analyzing module bomb_controller
INFO: [VRFC 10-2263] Analyzing Verilog file "C:/VivadoProjects/ee2026/FDP/FDP.srcs/sources_1/new/player_controller.v" into library xil_defaultlib
INFO: [VRFC 10-311] analyzing module player_controller
INFO: [VRFC 10-2263] Analyzing Verilog file "C:/VivadoProjects/ee2026/FDP/FDP.srcs/sources_1/new/a_star.v" into library xil_defaultlib
INFO: [VRFC 10-311] analyzing module a_star
INFO: [VRFC 10-2263] Analyzing Verilog file "C:/VivadoProjects/ee2026/FDP/FDP.srcs/sim_1/new/uart_sim.v" into library xil_defaultlib
INFO: [VRFC 10-311] analyzing module tb_debounce
INFO: [VRFC 10-311] analyzing module tb_uart_loopback
INFO: [VRFC 10-2263] Analyzing Verilog file "C:/VivadoProjects/ee2026/FDP/FDP.srcs/sim_1/new/a_star_sim.v" into library xil_defaultlib
INFO: [VRFC 10-311] analyzing module tb_top_with_astar
