#-----------------------------------------------------------
# Vivado v2018.2 (64-bit)
# SW Build 2258646 on Thu Jun 14 20:03:12 MDT 2018
# IP Build 2256618 on Thu Jun 14 22:10:49 MDT 2018
# Start of session at: Wed Mar 18 16:28:36 2026
# Process ID: 14036
# Current directory: C:/Users/User/OneDrive/Desktop/EE2026_Codes/FDP2.xpr/FDP
# Command line: vivado.exe -gui_launcher_event rodinguilauncherevent17624 C:\Users\User\OneDrive\Desktop\EE2026_Codes\FDP2.xpr\FDP\FDP.xpr
# Log file: C:/Users/User/OneDrive/Desktop/EE2026_Codes/FDP2.xpr/FDP/vivado.log
# Journal file: C:/Users/User/OneDrive/Desktop/EE2026_Codes/FDP2.xpr/FDP\vivado.jou
#-----------------------------------------------------------
start_guioopen_project C:/Users/User/OneDrive/Desktop/EE2026_Codes/FDP2.xpr/FDP/FDP.xprSScanning sources...
Finished scanning sources
INFO: [IP_Flow 19-234] Refreshing IP repositories
INFO: [IP_Flow 19-1704] No user IP repositories specifiedIINFO: [IP_Flow 19-2313] Loaded Vivado IP repository 'C:/Xilinx/Vivado/2018.2/data/ip'.oexit
INFO: [Common 17-206] Exiting Vivado at Wed Mar 18 16:29:00 2026...
 peak = 795.441 ; gain = 41.770
reset_run synth_1
WARNING: [Vivado 12-1017] Problems encountered:
1. Failed to delete one or more files in run directory C:/Users/User/OneDrive/Desktop/EE2026_Codes/FDP2.xpr/FDP/FDP.runs/synth_1

launch_runs synth_1 -jobs 9
INFO: [Vivado 12-4149] The synthesis checkpoint for IP 'C:/Users/User/OneDrive/Desktop/EE2026_Codes/FDP2.xpr/FDP/FDP.srcs/sources_1/ip/blk_mem_gen_inter/blk_mem_gen_inter.xci' is already up-to-date
INFO: [Vivado 12-4149] The synthesis checkpoint for IP 'C:/Users/User/OneDrive/Desktop/EE2026_Codes/FDP2.xpr/FDP/FDP.srcs/sources_1/ip/blk_mem_gen_0_1/blk_mem_gen_0.xci' is already up-to-date
[Wed Mar 18 16:29:02 2026] Launched synth_1...
Run output will be captured here: C:/Users/User/OneDrive/Desktop/EE2026_Codes/FDP2.xpr/FDP/FDP.runs/synth_1/runme.log
reset_run synth_1
WARNING: [Vivado 12-1017] Problems encountered:
1. Failed to delete one or more files in run directory C:/Users/User/OneDrive/Desktop/EE2026_Codes/FDP2.xpr/FDP/FDP.runs/synth_1

launch_runs impl_1 -to_step write_bitstream -jobs 9
INFO: [Vivado 12-4149] The synthesis checkpoint for IP 'C:/Users/User/OneDrive/Desktop/EE2026_Codes/FDP2.xpr/FDP/FDP.srcs/sources_1/ip/blk_mem_gen_inter/blk_mem_gen_inter.xci' is already up-to-date
INFO: [Vivado 12-4149] The synthesis checkpoint for IP 'C:/Users/User/OneDrive/Desktop/EE2026_Codes/FDP2.xpr/FDP/FDP.srcs/sources_1/ip/blk_mem_gen_0_1/blk_mem_gen_0.xci' is already up-to-date
[Wed Mar 18 16:29:37 2026] Launched synth_1...
Run output will be captured here: C:/Users/User/OneDrive/Desktop/EE2026_Codes/FDP2.xpr/FDP/FDP.runs/synth_1/runme.log
[Wed Mar 18 16:29:37 2026] Launched impl_1...
Run output will be captured here: C:/Users/User/OneDrive/Desktop/EE2026_Codes/FDP2.xpr/FDP/FDP.runs/impl_1/runme.log
reset_run synth_1
WARNING: [Vivado 12-1017] Problems encountered:
1. Failed to delete one or more files in run directory C:/Users/User/OneDrive/Desktop/EE2026_Codes/FDP2.xpr/FDP/FDP.runs/synth_1

launch_runs impl_1 -to_step write_bitstream -jobs 9
INFO: [Vivado 12-4149] The synthesis checkpoint for IP 'C:/Users/User/OneDrive/Desktop/EE2026_Codes/FDP2.xpr/FDP/FDP.srcs/sources_1/ip/blk_mem_gen_inter/blk_mem_gen_inter.xci' is already up-to-date
INFO: [Vivado 12-4149] The synthesis checkpoint for IP 'C:/Users/User/OneDrive/Desktop/EE2026_Codes/FDP2.xpr/FDP/FDP.srcs/sources_1/ip/blk_mem_gen_0_1/blk_mem_gen_0.xci' is already up-to-date
[Wed Mar 18 16:30:20 2026] Launched synth_1...
Run output will be captured here: C:/Users/User/OneDrive/Desktop/EE2026_Codes/FDP2.xpr/FDP/FDP.runs/synth_1/runme.log
[Wed Mar 18 16:30:20 2026] Launched impl_1...
Run output will be captured here: C:/Users/User/OneDrive/Desktop/EE2026_Codes/FDP2.xpr/FDP/FDP.runs/impl_1/runme.log
reset_run synth_1
WARNING: [Vivado 12-1017] Problems encountered:
1. Failed to delete one or more files in run directory C:/Users/User/OneDrive/Desktop/EE2026_Codes/FDP2.xpr/FDP/FDP.runs/synth_1

launch_runs synth_1 -jobs 9
INFO: [Vivado 12-4149] The synthesis checkpoint for IP 'C:/Users/User/OneDrive/Desktop/EE2026_Codes/FDP2.xpr/FDP/FDP.srcs/sources_1/ip/blk_mem_gen_inter/blk_mem_gen_inter.xci' is already up-to-date
INFO: [Vivado 12-4149] The synthesis checkpoint for IP 'C:/Users/User/OneDrive/Desktop/EE2026_Codes/FDP2.xpr/FDP/FDP.srcs/sources_1/ip/blk_mem_gen_0_1/blk_mem_gen_0.xci' is already up-to-date
[Wed Mar 18 16:31:00 2026] Launched synth_1...
Run output will be captured here: C:/Users/User/OneDrive/Desktop/EE2026_Codes/FDP2.xpr/FDP/FDP.runs/synth_1/runme.log
launch_runs impl_1 -to_step write_bitstream -jobs 9
INFO: [Vivado 12-4149] The synthesis checkpoint for IP 'C:/Users/User/OneDrive/Desktop/EE2026_Codes/FDP2.xpr/FDP/FDP.srcs/sources_1/ip/blk_mem_gen_inter/blk_mem_gen_inter.xci' is already up-to-date
INFO: [Vivado 12-4149] The synthesis checkpoint for IP 'C:/Users/User/OneDrive/Desktop/EE2026_Codes/FDP2.xpr/FDP/FDP.srcs/sources_1/ip/blk_mem_gen_0_1/blk_mem_gen_0.xci' is already up-to-date
[Wed Mar 18 16:33:51 2026] Launched impl_1...
Run output will be captured here: C:/Users/User/OneDrive/Desktop/EE2026_Codes/FDP2.xpr/FDP/FDP.runs/impl_1/runme.log
open_hw
connect_hw_server
INFO: [Labtools 27-2285] Connecting to hw_server url TCP:localhost:3121
INFO: [Labtools 27-2222] Launching hw_server...
INFO: [Labtools 27-2221] Launch Output:

****** Xilinx hw_server v2018.2
  **** Build date : Jun 14 2018-20:42:52
    ** Copyright 1986-2018 Xilinx, Inc. All Rights Reserved.


open_hw_target
INFO: [Labtoolstcl 44-466] Opening hw_target localhost:3121/xilinx_tcf/Digilent/210183BCBC0BA
set_property PROGRAM.FILE {C:/Users/User/OneDrive/Desktop/EE2026_Codes/FDP2.xpr/FDP/FDP.runs/impl_1/Top_Student.bit} [get_hw_devices xc7a35t_0]
current_hw_device [get_hw_devices xc7a35t_0]
refresh_hw_device -update_hw_probes false [lindex [get_hw_devices xc7a35t_0] 0]
INFO: [Labtools 27-1434] Device xc7a35t (JTAG device index = 0) is programmed with a design that has no supported debug core(s) in it.
WARNING: [Labtools 27-3361] The debug hub core was not detected.
Resolution: 
1. Make sure the clock connected to the debug hub (dbg_hub) core is a free running clock and is active.
2. Make sure the BSCAN_SWITCH_USER_MASK device property in Vivado Hardware Manager reflects the user scan chain setting in the design and refresh the device.  To determine the user scan chain setting in the design, open the implemented design and use 'get_property C_USER_SCAN_CHAIN [get_debug_cores dbg_hub]'.
For more details on setting the scan chain property, consult the Vivado Debug and Programming User Guide (UG908).
set_property PROBES.FILE {} [get_hw_devices xc7a35t_0]
set_property FULL_PROBES.FILE {} [get_hw_devices xc7a35t_0]
set_property PROGRAM.FILE {C:/Users/User/OneDrive/Desktop/EE2026_Codes/FDP2.xpr/FDP/FDP.runs/impl_1/Top_Student.bit} [get_hw_devices xc7a35t_0]
program_hw_devices [get_hw_devices xc7a35t_0]
INFO: [Labtools 27-3164] End of startup status: HIGH
refresh_hw_device [lindex [get_hw_devices xc7a35t_0] 0]
INFO: [Labtools 27-1434] Device xc7a35t (JTAG device index = 0) is programmed with a design that has no supported debug core(s) in it.
WARNING: [Labtools 27-3361] The debug hub core was not detected.
Resolution: 
1. Make sure the clock connected to the debug hub (dbg_hub) core is a free running clock and is active.
2. Make sure the BSCAN_SWITCH_USER_MASK device property in Vivado Hardware Manager reflects the user scan chain setting in the design and refresh the device.  To determine the user scan chain setting in the design, open the implemented design and use 'get_property C_USER_SCAN_CHAIN [get_debug_cores dbg_hub]'.
For more details on setting the scan chain property, consult the Vivado Debug and Programming User Guide (UG908).
reset_run synth_1
WARNING: [Vivado 12-1017] Problems encountered:
1. Failed to delete one or more files in run directory C:/Users/User/OneDrive/Desktop/EE2026_Codes/FDP2.xpr/FDP/FDP.runs/synth_1

launch_runs impl_1 -to_step write_bitstream -jobs 9
INFO: [Vivado 12-4149] The synthesis checkpoint for IP 'C:/Users/User/OneDrive/Desktop/EE2026_Codes/FDP2.xpr/FDP/FDP.srcs/sources_1/ip/blk_mem_gen_inter/blk_mem_gen_inter.xci' is already up-to-date
INFO: [Vivado 12-4149] The synthesis checkpoint for IP 'C:/Users/User/OneDrive/Desktop/EE2026_Codes/FDP2.xpr/FDP/FDP.srcs/sources_1/ip/blk_mem_gen_0_1/blk_mem_gen_0.xci' is already up-to-date
[Wed Mar 18 16:52:00 2026] Launched synth_1...
Run output will be captured here: C:/Users/User/OneDrive/Desktop/EE2026_Codes/FDP2.xpr/FDP/FDP.runs/synth_1/runme.log
[Wed Mar 18 16:52:00 2026] Launched impl_1...
Run output will be captured here: C:/Users/User/OneDrive/Desktop/EE2026_Codes/FDP2.xpr/FDP/FDP.runs/impl_1/runme.log
set_property PROBES.FILE {} [get_hw_devices xc7a35t_0]
set_property FULL_PROBES.FILE {} [get_hw_devices xc7a35t_0]
set_property PROGRAM.FILE {C:/Users/User/OneDrive/Desktop/EE2026_Codes/FDP2.xpr/FDP/FDP.runs/impl_1/Top_Student.bit} [get_hw_devices xc7a35t_0]
program_hw_devices [get_hw_devices xc7a35t_0]
INFO: [Labtools 27-3164] End of startup status: HIGH
refresh_hw_device [lindex [get_hw_devices xc7a35t_0] 0]
INFO: [Labtools 27-1434] Device xc7a35t (JTAG device index = 0) is programmed with a design that has no supported debug core(s) in it.
WARNING: [Labtools 27-3361] The debug hub core was not detected.
Resolution: 
1. Make sure the clock connected to the debug hub (dbg_hub) core is a free running clock and is active.
2. Make sure the BSCAN_SWITCH_USER_MASK device property in Vivado Hardware Manager reflects the user scan chain setting in the design and refresh the device.  To determine the user scan chain setting in the design, open the implemented design and use 'get_property C_USER_SCAN_CHAIN [get_debug_cores dbg_hub]'.
For more details on setting the scan chain property, consult the Vivado Debug and Programming User Guide (UG908).
set_property PROBES.FILE {} [get_hw_devices xc7a35t_0]
set_property FULL_PROBES.FILE {} [get_hw_devices xc7a35t_0]
set_property PROGRAM.FILE {C:/Users/User/OneDrive/Desktop/EE2026_Codes/FDP2.xpr/FDP/FDP.runs/impl_1/Top_Student.bit} [get_hw_devices xc7a35t_0]
program_hw_devices [get_hw_devices xc7a35t_0]
INFO: [Labtools 27-3164] End of startup status: HIGH
refresh_hw_device [lindex [get_hw_devices xc7a35t_0] 0]
INFO: [Labtools 27-1434] Device xc7a35t (JTAG device index = 0) is programmed with a design that has no supported debug core(s) in it.
WARNING: [Labtools 27-3361] The debug hub core was not detected.
Resolution: 
1. Make sure the clock connected to the debug hub (dbg_hub) core is a free running clock and is active.
2. Make sure the BSCAN_SWITCH_USER_MASK device property in Vivado Hardware Manager reflects the user scan chain setting in the design and refresh the device.  To determine the user scan chain setting in the design, open the implemented design and use 'get_property C_USER_SCAN_CHAIN [get_debug_cores dbg_hub]'.
For more details on setting the scan chain property, consult the Vivado Debug and Programming User Guide (UG908).
archive_project C:/Users/User/OneDrive/Desktop/EE2026_Codes/FDP2.xpr/FDP2_v1.1.xpr.zip -temp_dir C:/Users/User/OneDrive/Desktop/EE2026_Codes/FDP2.xpr/FDP/.Xil/Vivado-30452-LAPTOP-23AELUGH -force -include_local_ip_cache -include_config_settings
INFO: [Coretcl 2-137] starting archive...
INFO: [Coretcl 2-1499] Saving project copy to temporary location 'C:/Users/User/OneDrive/Desktop/EE2026_Codes/FDP2.xpr/FDP/.Xil/Vivado-30452-LAPTOP-23AELUGH' for archiving project
Scanning sources...
Finished scanning sources
INFO: [IP_Flow 19-234] Refreshing IP repositories
INFO: [IP_Flow 19-1704] No user IP repositories specified
INFO: [IP_Flow 19-2313] Loaded Vivado IP repository 'C:/Xilinx/Vivado/2018.2/data/ip'.
INFO: [Coretcl 2-1211] Creating project copy for archival...
INFO: [ProjectBase 1-495] The host OS only allows 260 characters in a normal path. The project is stored in a path with more than 80 characters. If you experience any problem with archiving the project, please consider setting environment variable $TEMP to a shorter path.
Current project path is 'C:/Users/User/OneDrive/Desktop/EE2026_Codes/FDP2.xpr/FDP/.Xil/Vivado-30452-LAPTOP-23AELUGH/PrjAr/_X_'.
INFO: [Coretcl 2-1213] Including run results for 'synth_1'
INFO: [Coretcl 2-1213] Including run results for 'blk_mem_gen_const_synth_1'
INFO: [Coretcl 2-1213] Including run results for 'blk_mem_gen_img_synth_1'
INFO: [Coretcl 2-1213] Including run results for 'impl_1'
INFO: [Coretcl 2-133] re-setting run 'blk_mem_gen_const_impl_1'...
INFO: [Coretcl 2-133] re-setting run 'blk_mem_gen_img_impl_1'...
INFO: [Coretcl 2-1212] Importing remotely added design sources and verilog include files (if any)...
INFO: [filemgmt 20-334] All file(s) are already imported in fileset: 'blk_mem_gen_const'
INFO: [filemgmt 20-348] Importing the appropriate files for fileset: 'blk_mem_gen_const'
INFO: [filemgmt 20-334] All file(s) are already imported in fileset: 'blk_mem_gen_img'
INFO: [filemgmt 20-348] Importing the appropriate files for fileset: 'blk_mem_gen_img'
INFO: [filemgmt 20-334] All file(s) are already imported in fileset: 'constrs_1'
INFO: [filemgmt 20-348] Importing the appropriate files for fileset: 'constrs_1'
INFO: [filemgmt 20-334] All file(s) are already imported in fileset: 'sim_1'
INFO: [filemgmt 20-348] Importing the appropriate files for fileset: 'sim_1'
INFO: [filemgmt 20-348] Importing the appropriate files for fileset: 'sources_1'
INFO: [Coretcl 2-1209] Adding archive summary file to the project...
INFO: [Coretcl 2-1214] Preparing project files for archive...
INFO: [Coretcl 2-1210] Compressing project files and data...
INFO: [Coretcl 2-1215] Project archived (C:/Users/User/OneDrive/Desktop/EE2026_Codes/FDP2.xpr/FDP2_v1.1.xpr.zip)
INFO: [Coretcl 2-1216] To view the archive summary log in GUI, double click on 'Design Sources->Text->archive_project_summary.txt', or open this file from the archived project directory.
archive_project: Time (s): cpu = 00:00:10 ; elapsed = 00:00:16 . Memory (MB): peak = 1567.129 ; gain = 31.512
close [ open C:/Users/User/OneDrive/Desktop/EE2026_Codes/FDP2.xpr/FDP/FDP.srcs/sources_1/new/bomb_controller.v w ]
add_files C:/Users/User/OneDrive/Desktop/EE2026_Codes/FDP2.xpr/FDP/FDP.srcs/sources_1/new/bomb_controller.v
close [ open C:/Users/User/OneDrive/Desktop/EE2026_Codes/FDP2.xpr/FDP/FDP.srcs/sources_1/new/player_controller.v w ]
add_files C:/Users/User/OneDrive/Desktop/EE2026_Codes/FDP2.xpr/FDP/FDP.srcs/sources_1/new/player_controller.v
reset_run synth_1
WARNING: [Vivado 12-1017] Problems encountered:
1. Failed to delete one or more files in run directory C:/Users/User/OneDrive/Desktop/EE2026_Codes/FDP2.xpr/FDP/FDP.runs/synth_1

launch_runs impl_1 -to_step write_bitstream -jobs 9
INFO: [Vivado 12-4149] The synthesis checkpoint for IP 'C:/Users/User/OneDrive/Desktop/EE2026_Codes/FDP2.xpr/FDP/FDP.srcs/sources_1/ip/blk_mem_gen_inter/blk_mem_gen_inter.xci' is already up-to-date
INFO: [Vivado 12-4149] The synthesis checkpoint for IP 'C:/Users/User/OneDrive/Desktop/EE2026_Codes/FDP2.xpr/FDP/FDP.srcs/sources_1/ip/blk_mem_gen_0_1/blk_mem_gen_0.xci' is already up-to-date
[Wed Mar 18 17:21:43 2026] Launched synth_1...
Run output will be captured here: C:/Users/User/OneDrive/Desktop/EE2026_Codes/FDP2.xpr/FDP/FDP.runs/synth_1/runme.log
[Wed Mar 18 17:21:43 2026] Launched impl_1...
Run output will be captured here: C:/Users/User/OneDrive/Desktop/EE2026_Codes/FDP2.xpr/FDP/FDP.runs/impl_1/runme.log
set_property PROBES.FILE {} [get_hw_devices xc7a35t_0]
set_property FULL_PROBES.FILE {} [get_hw_devices xc7a35t_0]
set_property PROGRAM.FILE {C:/Users/User/OneDrive/Desktop/EE2026_Codes/FDP2.xpr/FDP/FDP.runs/impl_1/Top_Student.bit} [get_hw_devices xc7a35t_0]
program_hw_devices [get_hw_devices xc7a35t_0]
INFO: [Labtools 27-3164] End of startup status: HIGH
refresh_hw_device [lindex [get_hw_devices xc7a35t_0] 0]
INFO: [Labtools 27-1434] Device xc7a35t (JTAG device index = 0) is programmed with a design that has no supported debug core(s) in it.
WARNING: [Labtools 27-3361] The debug hub core was not detected.
Resolution: 
1. Make sure the clock connected to the debug hub (dbg_hub) core is a free running clock and is active.
2. Make sure the BSCAN_SWITCH_USER_MASK device property in Vivado Hardware Manager reflects the user scan chain setting in the design and refresh the device.  To determine the user scan chain setting in the design, open the implemented design and use 'get_property C_USER_SCAN_CHAIN [get_debug_cores dbg_hub]'.
For more details on setting the scan chain property, consult the Vivado Debug and Programming User Guide (UG908).
set_property PROBES.FILE {} [get_hw_devices xc7a35t_0]
set_property FULL_PROBES.FILE {} [get_hw_devices xc7a35t_0]
set_property PROGRAM.FILE {C:/Users/User/OneDrive/Desktop/EE2026_Codes/FDP2.xpr/FDP/FDP.runs/impl_1/Top_Student.bit} [get_hw_devices xc7a35t_0]
program_hw_devices [get_hw_devices xc7a35t_0]
INFO: [Labtools 27-3164] End of startup status: HIGH
refresh_hw_device [lindex [get_hw_devices xc7a35t_0] 0]
INFO: [Labtools 27-1434] Device xc7a35t (JTAG device index = 0) is programmed with a design that has no supported debug core(s) in it.
WARNING: [Labtools 27-3361] The debug hub core was not detected.
Resolution: 
1. Make sure the clock connected to the debug hub (dbg_hub) core is a free running clock and is active.
2. Make sure the BSCAN_SWITCH_USER_MASK device property in Vivado Hardware Manager reflects the user scan chain setting in the design and refresh the device.  To determine the user scan chain setting in the design, open the implemented design and use 'get_property C_USER_SCAN_CHAIN [get_debug_cores dbg_hub]'.
For more details on setting the scan chain property, consult the Vivado Debug and Programming User Guide (UG908).
set_property PROBES.FILE {} [get_hw_devices xc7a35t_0]
set_property FULL_PROBES.FILE {} [get_hw_devices xc7a35t_0]
set_property PROGRAM.FILE {C:/Users/User/OneDrive/Desktop/EE2026_Codes/FDP2.xpr/FDP/FDP.runs/impl_1/Top_Student.bit} [get_hw_devices xc7a35t_0]
program_hw_devices [get_hw_devices xc7a35t_0]
INFO: [Labtools 27-3164] End of startup status: HIGH
refresh_hw_device [lindex [get_hw_devices xc7a35t_0] 0]
INFO: [Labtools 27-1434] Device xc7a35t (JTAG device index = 0) is programmed with a design that has no supported debug core(s) in it.
WARNING: [Labtools 27-3361] The debug hub core was not detected.
Resolution: 
1. Make sure the clock connected to the debug hub (dbg_hub) core is a free running clock and is active.
2. Make sure the BSCAN_SWITCH_USER_MASK device property in Vivado Hardware Manager reflects the user scan chain setting in the design and refresh the device.  To determine the user scan chain setting in the design, open the implemented design and use 'get_property C_USER_SCAN_CHAIN [get_debug_cores dbg_hub]'.
For more details on setting the scan chain property, consult the Vivado Debug and Programming User Guide (UG908).
set_property PROBES.FILE {} [get_hw_devices xc7a35t_0]
set_property FULL_PROBES.FILE {} [get_hw_devices xc7a35t_0]
set_property PROGRAM.FILE {C:/Users/User/OneDrive/Desktop/EE2026_Codes/FDP2.xpr/FDP/FDP.runs/impl_1/Top_Student.bit} [get_hw_devices xc7a35t_0]
program_hw_devices [get_hw_devices xc7a35t_0]
INFO: [Labtools 27-3164] End of startup status: HIGH
refresh_hw_device [lindex [get_hw_devices xc7a35t_0] 0]
INFO: [Labtools 27-1434] Device xc7a35t (JTAG device index = 0) is programmed with a design that has no supported debug core(s) in it.
WARNING: [Labtools 27-3361] The debug hub core was not detected.
Resolution: 
1. Make sure the clock connected to the debug hub (dbg_hub) core is a free running clock and is active.
2. Make sure the BSCAN_SWITCH_USER_MASK device property in Vivado Hardware Manager reflects the user scan chain setting in the design and refresh the device.  To determine the user scan chain setting in the design, open the implemented design and use 'get_property C_USER_SCAN_CHAIN [get_debug_cores dbg_hub]'.
For more details on setting the scan chain property, consult the Vivado Debug and Programming User Guide (UG908).
archive_project C:/Users/User/OneDrive/Desktop/EE2026_Codes/FDP2.xpr/FDP_v1.2.xpr.zip -temp_dir C:/Users/User/OneDrive/Desktop/EE2026_Codes/FDP2.xpr/FDP/.Xil/Vivado-30452-LAPTOP-23AELUGH -force -include_local_ip_cache -include_config_settings
INFO: [Coretcl 2-137] starting archive...
INFO: [Coretcl 2-1499] Saving project copy to temporary location 'C:/Users/User/OneDrive/Desktop/EE2026_Codes/FDP2.xpr/FDP/.Xil/Vivado-30452-LAPTOP-23AELUGH' for archiving project
Scanning sources...
Finished scanning sources
INFO: [IP_Flow 19-234] Refreshing IP repositories
INFO: [IP_Flow 19-1704] No user IP repositories specified
INFO: [IP_Flow 19-2313] Loaded Vivado IP repository 'C:/Xilinx/Vivado/2018.2/data/ip'.
INFO: [Coretcl 2-1211] Creating project copy for archival...
INFO: [ProjectBase 1-495] The host OS only allows 260 characters in a normal path. The project is stored in a path with more than 80 characters. If you experience any problem with archiving the project, please consider setting environment variable $TEMP to a shorter path.
Current project path is 'C:/Users/User/OneDrive/Desktop/EE2026_Codes/FDP2.xpr/FDP/.Xil/Vivado-30452-LAPTOP-23AELUGH/PrjAr/_X_'.
INFO: [Coretcl 2-1213] Including run results for 'synth_1'
INFO: [Coretcl 2-1213] Including run results for 'blk_mem_gen_const_synth_1'
INFO: [Coretcl 2-1213] Including run results for 'blk_mem_gen_img_synth_1'
INFO: [Coretcl 2-1213] Including run results for 'impl_1'
INFO: [Coretcl 2-133] re-setting run 'blk_mem_gen_const_impl_1'...
INFO: [Coretcl 2-133] re-setting run 'blk_mem_gen_img_impl_1'...
INFO: [Coretcl 2-1212] Importing remotely added design sources and verilog include files (if any)...
INFO: [filemgmt 20-334] All file(s) are already imported in fileset: 'blk_mem_gen_const'
INFO: [filemgmt 20-348] Importing the appropriate files for fileset: 'blk_mem_gen_const'
INFO: [filemgmt 20-334] All file(s) are already imported in fileset: 'blk_mem_gen_img'
INFO: [filemgmt 20-348] Importing the appropriate files for fileset: 'blk_mem_gen_img'
INFO: [filemgmt 20-334] All file(s) are already imported in fileset: 'constrs_1'
INFO: [filemgmt 20-348] Importing the appropriate files for fileset: 'constrs_1'
INFO: [filemgmt 20-334] All file(s) are already imported in fileset: 'sim_1'
INFO: [filemgmt 20-348] Importing the appropriate files for fileset: 'sim_1'
INFO: [filemgmt 20-348] Importing the appropriate files for fileset: 'sources_1'
